<?xml version="1.0" encoding="UTF-8"?>
<beans xmlns="http://www.springframework.org/schema/beans"
       xmlns:xsi="http://www.w3.org/2001/XMLSchema-instance"
       xmlns:context="http://www.springframework.org/schema/context"
       xmlns:tx="http://www.springframework.org/schema/tx"
              xmlns:aop="http://www.springframework.org/schema/aop"
       xsi:schemaLocation="http://www.springframework.org/schema/beans
                           http://www.springframework.org/schema/beans/spring-beans.xsd
                           http://www.springframework.org/schema/mvc
                           http://www.springframework.org/schema/mvc/spring-mvc.xsd
                           http://www.springframework.org/schema/tx 
                           http://www.springframework.org/schema/tx/spring-tx-3.0.xsd
                           http://www.springframework.org/schema/context
                           http://www.springframework.org/schema/context/spring-context.xsd
       http://www.springframework.org/schema/aop http://www.springframework.org/schema/aop/spring-aop-3.2.xsd"> 

    <!-- Bean definitions go here -->
    <bean id="yogaClassDaoInMemory" class="yogaLMS.dao.yogaclass.YogaClassDaoInMemoryImpl"/>
    <bean id="logDao" class="yogaLMS.dao.log.LogDaoInMemoryImpl" />
    <bean id="logClassDao" class="yogaLMS.dao.yogaclass.LogClassDaoInMemoryImpl" />
    <bean id="workshopDao" class="yogaLMS.dao.workshop.WorkshopDaoFileImpl" >
        <constructor-arg value="workshops.txt" /></bean>
    <bean id="logWorkshopDao" class="yogaLMS.dao.workshop.LogWorkshopDaoFileImpl">
        <constructor-arg value="logWorkshops.txt" />
    </bean>

    <bean id="yogaClassService" class="yogaLMS.service.yogaclass.YogaClassServiceImpl"/>
    <bean id="logService" class="yogaLMS.service.log.LogServiceImpl" />
    <bean id="logClassService" class="yogaLMS.service.yogaclass.LogClassServiceImpl" />
    <bean id="workshopService" class="yogaLMS.service.workshop.WorkshopServiceFileImpl">
        <constructor-arg ref="workshopDao" />
    </bean>
    <bean id="logWorkshopService" class="yogaLMS.service.workshop.LogWorkshopServiceFileImpl">
        <constructor-arg ref="logWorkshopDao"/>
    </bean>

    <bean id="testHelperMethods" class="testUtils.TestHelperMethods" />

</beans>
